1
2
5
6
9
10
13
14
17
18
21
22
25
26
29
30
33
34
37
38
41
42
45
46
49
50
53
54
57
58
61
62
65
66
69
70
73
74
77
78
81
82
85
86
89
90
93
94
97
98
101
102
105
106
109
110
113
114
117
118
121
122
125
126
129
130
133
134
137
138
141
142
145
146
149
150
153
154
157
158
161
162
165
166
169
170
173
174
177
178
181
182
185
186
189
190
193
194
197
198
201
202
205
206
209
210
213
214
217
218
221
222
225
226
229
230
233
234
237
238
241
242
245
246
249
250
253
254
257
258
261
262
265
266
269
270
273
274
277
278
281
282
285
286
289
290
293
294
297
298
301
302
305
306
309
310
313
314
317
318
321
322
325
326
329
330
333
334
337
338
341
342
345
346
349
350
353
354
357
358
361
362
365
366
369
370
373
374
377
378
381
382
385
386
389
390
393
394
397
398
401
402
405
406
409
410
413
414
417
418
421
422
425
426
429
430
433
434
437
438
441
442
445
446
449
450
453
454
457
458
461
462
465
466
469
470
473
474
477
478
481
482
485
486
489
490
493
494
497
498
501
502
505
506
509
510
513
514
517
518
521
522
525
526
529
530
533
534
537
538
541
542
545
546
549
550
553
554
557
558
561
562
565
566
569
570
573
574
577
578
581
582
585
586
589
590
593
594
597
598
601
602
605
606
609
610
613
614
617
618
621
622
625
626
629
630
633
634
637
638
641
642
645
646
649
650
653
654
657
658
661
662
665
666
669
670
673
674
677
678
681
682
685
686
689
690
693
694
697
698
701
702
705
706
709
710
713
714
717
718
721
722
725
726
729
730
733
734
737
738
741
742
745
746
749
750
753
754
757
758
761
762
765
766
769
770
773
774
777
778
781
782
785
786
789
790
793
794
797
798
801
802
805
806
809
810
813
814
817
818
821
822
825
826
829
830
833
834
837
838
841
842
845
846
849
850
853
854
857
858
861
862
865
866
869
870
873
874
877
878
881
882
885
886
889
890
893
894
897
898
901
902
905
906
909
910
913
914
917
918
921
922
925
926
